2025-12-07 09:58:58,386 - INFO - 
======================================================================
2025-12-07 09:58:58,387 - INFO - MEMBERSHIP INFERENCE PIPELINE START
2025-12-07 09:58:58,388 - INFO - ======================================================================
2025-12-07 09:58:58,388 - INFO - Data Type: simple
2025-12-07 09:58:58,389 - INFO - Records: 1000
2025-12-07 09:58:58,390 - INFO - Epochs: 3
2025-12-07 09:58:58,390 - INFO - Seed: 42 (Reproducible)
2025-12-07 09:58:58,391 - INFO - ======================================================================
2025-12-07 09:58:58,431 - INFO - Experiment metadata saved
2025-12-07 09:58:58,435 - INFO - 
======================================================================
2025-12-07 09:58:58,436 - INFO - Step: 1. Generate SIMPLE Data
2025-12-07 09:58:58,436 - INFO - ======================================================================
2025-12-07 09:58:58,777 - INFO - ✓ Completed: 1. Generate SIMPLE Data
2025-12-07 09:58:58,785 - INFO - 
======================================================================
2025-12-07 09:58:58,789 - INFO - Step: 2. Train Baseline Model
2025-12-07 09:58:58,792 - INFO - ======================================================================
2025-12-07 10:32:09,295 - INFO - ✓ Completed: 2. Train Baseline Model
2025-12-07 10:32:09,299 - INFO - Baseline model training completed
2025-12-07 10:32:09,300 - INFO - 
======================================================================
2025-12-07 10:32:09,300 - INFO - Step: 3. Train Improved Model
2025-12-07 10:32:09,301 - INFO - ======================================================================
2025-12-07 10:56:39,572 - INFO - ✓ Completed: 3. Train Improved Model
2025-12-07 10:56:39,581 - INFO - Improved model training completed
2025-12-07 10:56:39,582 - INFO - 
======================================================================
2025-12-07 10:56:39,583 - INFO - Step: 4. Run MIA on Baseline
2025-12-07 10:56:39,583 - INFO - ======================================================================
2025-12-07 10:58:46,567 - INFO - ✓ Completed: 4. Run MIA on Baseline
2025-12-07 10:58:46,569 - INFO - 
======================================================================
2025-12-07 10:58:46,569 - INFO - Step: 5. Run MIA on Improved
2025-12-07 10:58:46,569 - INFO - ======================================================================
2025-12-07 11:00:32,157 - INFO - ✓ Completed: 5. Run MIA on Improved
2025-12-07 11:00:32,158 - INFO - Analyzing results...
2025-12-07 11:00:32,200 - INFO - Comparison metrics saved
2025-12-07 11:00:32,200 - INFO - Baseline - Train NLL: 0.7804, Test NLL: 0.8203
2025-12-07 11:00:32,201 - INFO - Improved - Train NLL: 0.8337, Test NLL: 0.8500
2025-12-07 11:00:32,201 - INFO - Gap reduction: 59.2%
2025-12-07 11:00:32,202 - INFO - 
======================================================================
2025-12-07 11:00:32,202 - INFO - Step: 7. Detailed Analysis
2025-12-07 11:00:32,202 - INFO - ======================================================================
2025-12-07 11:00:42,543 - INFO - ✓ Completed: 7. Detailed Analysis
2025-12-07 11:00:42,544 - INFO - 
======================================================================
2025-12-07 11:00:42,544 - INFO - Step: 8. Generate Research Report
2025-12-07 11:00:42,545 - INFO - ======================================================================
2025-12-07 11:00:50,611 - INFO - ✓ Completed: 8. Generate Research Report
2025-12-07 11:00:50,611 - INFO - 
======================================================================
2025-12-07 11:00:50,612 - INFO - Step: 9. Generate Comparison Plots
2025-12-07 11:00:50,613 - INFO - ======================================================================
2025-12-07 11:01:05,634 - INFO - ✓ Completed: 9. Generate Comparison Plots
2025-12-07 11:01:05,635 - INFO - 
======================================================================
2025-12-07 11:01:05,635 - INFO - MEMBERSHIP INFERENCE PIPELINE COMPLETED
2025-12-07 11:01:05,636 - INFO - ======================================================================
2025-12-07 11:01:05,636 - INFO - All results saved to results/
2025-12-07 11:01:05,636 - INFO - ======================================================================
2025-12-07 11:23:48,197 - INFO - 
======================================================================
2025-12-07 11:23:48,198 - INFO - MEMBERSHIP INFERENCE PIPELINE START
2025-12-07 11:23:48,198 - INFO - ======================================================================
2025-12-07 11:23:48,198 - INFO - Data Type: mimic
2025-12-07 11:23:48,198 - INFO - Records: 1000
2025-12-07 11:23:48,198 - INFO - Epochs: 3
2025-12-07 11:23:48,198 - INFO - Seed: 42 (Reproducible)
2025-12-07 11:23:48,199 - INFO - ======================================================================
2025-12-07 11:23:48,200 - INFO - Experiment metadata saved
2025-12-07 11:23:48,201 - INFO - 
======================================================================
2025-12-07 11:23:48,201 - INFO - Step: 1. Generate MIMIC Data
2025-12-07 11:23:48,201 - INFO - ======================================================================
2025-12-07 11:23:48,503 - ERROR - ❌ Error in 1. Generate MIMIC Data
2025-12-07 11:25:29,240 - INFO - 
======================================================================
2025-12-07 11:25:29,240 - INFO - MEMBERSHIP INFERENCE PIPELINE START
2025-12-07 11:25:29,241 - INFO - ======================================================================
2025-12-07 11:25:29,242 - INFO - Data Type: mimic
2025-12-07 11:25:29,242 - INFO - Records: 1000
2025-12-07 11:25:29,243 - INFO - Epochs: 3
2025-12-07 11:25:29,243 - INFO - Seed: 42 (Reproducible)
2025-12-07 11:25:29,243 - INFO - ======================================================================
2025-12-07 11:25:29,245 - INFO - Experiment metadata saved
2025-12-07 11:25:29,245 - INFO - 
======================================================================
2025-12-07 11:25:29,246 - INFO - Step: 1. Generate MIMIC Data
2025-12-07 11:25:29,246 - INFO - ======================================================================
2025-12-07 11:25:29,535 - ERROR - ❌ Error in 1. Generate MIMIC Data
2025-12-07 11:26:35,797 - INFO - 
======================================================================
2025-12-07 11:26:35,798 - INFO - MEMBERSHIP INFERENCE PIPELINE START
2025-12-07 11:26:35,798 - INFO - ======================================================================
2025-12-07 11:26:35,798 - INFO - Data Type: mimic
2025-12-07 11:26:35,798 - INFO - Records: 1000
2025-12-07 11:26:35,798 - INFO - Epochs: 3
2025-12-07 11:26:35,799 - INFO - Seed: 42 (Reproducible)
2025-12-07 11:26:35,799 - INFO - ======================================================================
2025-12-07 11:26:35,801 - INFO - Experiment metadata saved
2025-12-07 11:26:35,801 - INFO - 
======================================================================
2025-12-07 11:26:35,801 - INFO - Step: 1. Generate MIMIC Data
2025-12-07 11:26:35,802 - INFO - ======================================================================
2025-12-07 11:26:36,146 - ERROR - ❌ Error in 1. Generate MIMIC Data
2025-12-07 11:27:41,682 - INFO - 
======================================================================
2025-12-07 11:27:41,682 - INFO - MEMBERSHIP INFERENCE PIPELINE START
2025-12-07 11:27:41,682 - INFO - ======================================================================
2025-12-07 11:27:41,682 - INFO - Data Type: mimic
2025-12-07 11:27:41,682 - INFO - Records: 1000
2025-12-07 11:27:41,683 - INFO - Epochs: 3
2025-12-07 11:27:41,683 - INFO - Seed: 42 (Reproducible)
2025-12-07 11:27:41,683 - INFO - ======================================================================
2025-12-07 11:27:41,684 - INFO - Experiment metadata saved
2025-12-07 11:27:41,685 - INFO - 
======================================================================
2025-12-07 11:27:41,685 - INFO - Step: 1. Generate MIMIC Data
2025-12-07 11:27:41,685 - INFO - ======================================================================
2025-12-07 11:27:41,958 - INFO - ✓ Completed: 1. Generate MIMIC Data
2025-12-07 11:27:41,960 - INFO - 
======================================================================
2025-12-07 11:27:41,960 - INFO - Step: 2. Train Baseline Model
2025-12-07 11:27:41,961 - INFO - ======================================================================
2025-12-07 11:47:31,830 - INFO - ✓ Completed: 2. Train Baseline Model
2025-12-07 11:47:31,834 - INFO - Baseline model training completed
2025-12-07 11:47:31,835 - INFO - 
======================================================================
2025-12-07 11:47:31,835 - INFO - Step: 3. Train Improved Model
2025-12-07 11:47:31,835 - INFO - ======================================================================
2025-12-07 12:05:49,172 - INFO - ✓ Completed: 3. Train Improved Model
2025-12-07 12:05:49,174 - INFO - Improved model training completed
2025-12-07 12:05:49,174 - INFO - 
======================================================================
2025-12-07 12:05:49,175 - INFO - Step: 4. Run MIA on Baseline
2025-12-07 12:05:49,175 - INFO - ======================================================================
2025-12-07 12:11:44,809 - INFO - ✓ Completed: 4. Run MIA on Baseline
2025-12-07 12:11:44,810 - INFO - 
======================================================================
2025-12-07 12:11:44,811 - INFO - Step: 5. Run MIA on Improved
2025-12-07 12:11:44,811 - INFO - ======================================================================
2025-12-07 12:17:21,041 - INFO - ✓ Completed: 5. Run MIA on Improved
2025-12-07 12:17:21,042 - INFO - Analyzing results...
2025-12-07 12:17:21,131 - INFO - Comparison metrics saved
2025-12-07 12:17:21,132 - INFO - Baseline - Train NLL: 2.1233, Test NLL: 2.1338
2025-12-07 12:17:21,132 - INFO - Improved - Train NLL: 1.9083, Test NLL: 1.9086
2025-12-07 12:17:21,132 - INFO - Gap reduction: 97.9%
2025-12-07 12:17:21,133 - INFO - 
======================================================================
2025-12-07 12:17:21,133 - INFO - Step: 7. Detailed Analysis
2025-12-07 12:17:21,134 - INFO - ======================================================================
2025-12-07 12:17:33,258 - INFO - ✓ Completed: 7. Detailed Analysis
2025-12-07 12:17:33,258 - INFO - 
======================================================================
2025-12-07 12:17:33,259 - INFO - Step: 8. Generate Research Report
2025-12-07 12:17:33,259 - INFO - ======================================================================
2025-12-07 12:17:42,684 - INFO - ✓ Completed: 8. Generate Research Report
2025-12-07 12:17:42,685 - INFO - 
======================================================================
2025-12-07 12:17:42,685 - INFO - Step: 9. Generate Comparison Plots
2025-12-07 12:17:42,685 - INFO - ======================================================================
2025-12-07 12:18:00,359 - INFO - ✓ Completed: 9. Generate Comparison Plots
2025-12-07 12:18:00,359 - INFO - 
======================================================================
2025-12-07 12:18:00,359 - INFO - MEMBERSHIP INFERENCE PIPELINE COMPLETED
2025-12-07 12:18:00,360 - INFO - ======================================================================
2025-12-07 12:18:00,360 - INFO - All results saved to results/mimic_results/
2025-12-07 12:18:00,360 - INFO - ======================================================================
